
> portpulse-web@0.1.0 build
> next build --turbopack

   ▲ Next.js 15.5.2 (Turbopack)
   - Environments: .env.local

   Creating an optimized production build ...
 ✓ Finished writing to disk in 31ms

> Build error occurred
Error: Turbopack build failed with 2 errors:
./src/app/layout.tsx:19:2
Parsing ecmascript source code failed
[0m [90m 17 |[39m   [33m,[39m
 [90m 18 |[39m   themeColor[33m:[39m [32m"#0B2740"[39m
[31m[1m>[22m[39m[90m 19 |[39m }[33m;[39m
 [90m    |[39m  [31m[1m^[22m[39m
 [90m 20 |[39m
 [90m 21 |[39m [36mimport[39m type { [33mMetadata[39m } [36mfrom[39m [32m"next"[39m[33m;[39m
 [90m 22 |[39m [36mimport[39m [33mSiteHeader[39m [36mfrom[39m [32m"@/components/SiteHeader"[39m[33m;[39m[0m

Expected ',', got ';'


./src/app/layout.tsx:19:2
Parsing ecmascript source code failed
[0m [90m 17 |[39m   [33m,[39m
 [90m 18 |[39m   themeColor[33m:[39m [32m"#0B2740"[39m
[31m[1m>[22m[39m[90m 19 |[39m }[33m;[39m
 [90m    |[39m  [31m[1m^[22m[39m
 [90m 20 |[39m
 [90m 21 |[39m [36mimport[39m type { [33mMetadata[39m } [36mfrom[39m [32m"next"[39m[33m;[39m
 [90m 22 |[39m [36mimport[39m [33mSiteHeader[39m [36mfrom[39m [32m"@/components/SiteHeader"[39m[33m;[39m[0m

Expected ',', got ';'


    at <unknown> (./src/app/layout.tsx:19:2)
    at <unknown> (./src/app/layout.tsx:19:2)
